Date:01/28/19                                      Indian Hills Community College                                                         
                                                    Fundraising Subtotal Report                                                     

        Student ID                  Gender                                  Major                                 Donation         
         0824221                    Male                      Computer Software Development                         952.51          
         0846115                    Male                      Computer Software Development                       8,968.91          
         0732610                    Male                      Computer Software Development                         526.23          
         0508268                    Male                      Computer Software Development                       4,983.83          
         0554925                    Male                      Computer Software Development                       4,459.93          
         0048278                    Male                      Computer Software Development                       6,604.41          
         0538198                    Female                    Computer Software Development                       1,236.26          
         0075965                    Male                      Computer Software Development                       2,516.16          
         0135698                    Male                      Computer Software Development                       8,057.31          
                                                                                                                                    
              Subtotals For: Computer Software Development                        Count:   9                    $38,305.55          

         0876417                    Male                      Diesel Power Systems Technology                     6,570.64          
         0663324                    Female                    Diesel Power Systems Technology                       738.48          
         0087530                    Male                      Diesel Power Systems Technology                     8,307.56          
         0868453                    Male                      Diesel Power Systems Technology                     2,971.15          
                                                                                                                                    
              Subtotals For: Diesel Power Systems Technology                      Count:   4                    $18,587.83          

         0365436                    Female                    Automotive Technology                               9,651.25          
         0040785                    Female                    Automotive Technology                               7,615.72          
         0356879                    Male                      Automotive Technology                               6,721.71          
         0153490                    Male                      Automotive Technology                                  43.83          
         0923540                    Male                      Automotive Technology                               7,638.36          
         0551474                    Male                      Automotive Technology                               4,372.92          
         0773590                    Male                      Automotive Technology                               2,097.67          
         0759837                    Male                      Automotive Technology                                 130.16          
         0341593                    Female                    Automotive Technology                               1,360.49          
         0303343                    Female                    Automotive Technology                               1,686.89          
                                                                                                                                    
              Subtotals For: Automotive Technology                                Count:  10                    $41,319.00          

         0340000                    Female                    Laser / Electro-optics Technology                   2,645.87          
         0403583                    Male                      Laser / Electro-optics Technology                   8,518.16          
         0280126                    Male                      Laser / Electro-optics Technology                   2,565.26          
                                                                                                                                    
              Subtotals For: Laser / Electro-optics Technology                    Count:   3                    $13,729.29          

         0418607                    Male                      Robotics/Automation Technology                      3,440.47          
         0757210                    Female                    Robotics/Automation Technology                      9,461.99          
         0156501                    Female                    Robotics/Automation Technology                      4,737.81          
         0939049                    Female                    Robotics/Automation Technology                      4,889.09          
         0117306                    Female                    Robotics/Automation Technology                      2,172.64          
         0364907                    Female                    Robotics/Automation Technology                      4,574.36          
         0041469                    Female                    Robotics/Automation Technology                      9,804.99          
         0295411                    Female                    Robotics/Automation Technology                        238.34          
         0383429                    Female                    Robotics/Automation Technology                      8,923.20          
         0480660                    Male                      Robotics/Automation Technology                      8,847.52          
         0185290                    Female                    Robotics/Automation Technology                      2,213.34          
         0750113                    Male                      Robotics/Automation Technology                      3,369.29          
         0833596                    Male                      Robotics/Automation Technology                      2,361.19          
         0525217                    Female                    Robotics/Automation Technology                      3,064.56          
                                                                                                                                    
              Subtotals For: Robotics/Automation Technology                       Count:  14                    $68,098.79          

         0952696                    Female                    Digital Forensics                                   3,070.00          
         0695013                    Female                    Digital Forensics                                   2,967.80          
         0542283                    Female                    Digital Forensics                                   5,998.80          
         0805342                    Female                    Digital Forensics                                   1,903.64          
         0879160                    Male                      Digital Forensics                                   3,644.26          
                                                                                                                                    
              Subtotals For: Digital Forensics                                    Count:   5                    $17,584.50          

         0665017                    Male                      Machine Technology                                  2,911.42          
         0727924                    Male                      Machine Technology                                  3,381.46          
         0742490                    Male                      Machine Technology                                  2,201.35          
         0822808                    Male                      Machine Technology                                  6,429.80          
         0493791                    Female                    Machine Technology                                  7,155.53          
         0270367                    Female                    Machine Technology                                  7,310.06          
         0655264                    Female                    Machine Technology                                  1,246.09          
         0533409                    Female                    Machine Technology                                  9,445.66          
                                                                                                                                    
              Subtotals For: Machine Technology                                   Count:   8                    $40,081.37          

         0962930                    Male                      Geospatial Technology                               1,014.04          
         0954902                    Male                      Geospatial Technology                               9,525.11          
         0024679                    Male                      Geospatial Technology                               3,545.72          
         0731948                    Male                      Geospatial Technology                               6,895.97          
         0083135                    Female                    Geospatial Technology                               4,784.37          
         0946676                    Female                    Geospatial Technology                               1,828.35          
         0928611                    Female                    Geospatial Technology                               6,310.96          
         0348810                    Female                    Geospatial Technology                               1,729.73          
                                                                                                                                    
              Subtotals For: Geospatial Technology                                Count:   8                    $35,634.25          

         0375902                    Female                    Administrative Assistant                            5,162.42          
         0492223                    Female                    Administrative Assistant                            8,343.48          
         0652151                    Female                    Administrative Assistant                            8,748.64          
         0954319                    Female                    Administrative Assistant                            1,004.87          
         0812415                    Female                    Administrative Assistant                            2,277.00          
                                                                                                                                    
              Subtotals For: Administrative Assistant                             Count:   5                    $25,536.41          

         0148127                    Male                      Accounting Assistant                                1,718.53          
         0668549                    Female                    Accounting Assistant                                1,625.23          
         0961730                    Male                      Accounting Assistant                                1,737.13          
         0115713                    Female                    Accounting Assistant                                9,438.13          
         0060037                    Male                      Accounting Assistant                                9,369.94          
         0017763                    Female                    Accounting Assistant                                4,452.19          
         0858379                    Female                    Accounting Assistant                                2,382.59          
                                                                                                                                    
              Subtotals For: Accounting Assistant                                 Count:   7                    $30,723.74          

         0799773                    Male                      Welding Technology                                  9,130.41          
         0008939                    Female                    Welding Technology                                  2,173.08          
         0121839                    Female                    Welding Technology                                  2,056.59          
         0424904                    Female                    Welding Technology                                    161.90          
         0687680                    Male                      Welding Technology                                  7,701.66          
         0638965                    Male                      Welding Technology                                  5,712.15          
         0956538                    Female                    Welding Technology                                  5,647.58          
                                                                                                                                    
              Subtotals For: Welding Technology                                   Count:   7                    $32,583.37          

         0611559                    Female                    Automotive Collision Technology                     7,896.94          
         0481067                    Female                    Automotive Collision Technology                     7,597.89          
         0046971                    Male                      Automotive Collision Technology                     9,899.14          
         0120109                    Female                    Automotive Collision Technology                       397.41          
         0051517                    Male                      Automotive Collision Technology                     2,432.62          
         0182699                    Female                    Automotive Collision Technology                         1.10          
         0561437                    Male                      Automotive Collision Technology                     4,553.08          
         0457176                    Female                    Automotive Collision Technology                     3,479.41          
         0364307                    Male                      Automotive Collision Technology                     1,232.51          
         0360071                    Female                    Automotive Collision Technology                     3,246.86          
                                                                                                                                    
              Subtotals For: Automotive Collision Technology                      Count:  10                    $40,736.96          

         0528235                    Male                      Avaiation Pilot Training                            5,818.95          
         0230772                    Male                      Avaiation Pilot Training                            8,876.67          
         0694098                    Female                    Avaiation Pilot Training                            9,900.17          
         0719304                    Female                    Avaiation Pilot Training                            7,878.98          
         0454139                    Male                      Avaiation Pilot Training                            5,874.62          
         0694921                    Male                      Avaiation Pilot Training                            2,226.91          
         0565319                    Male                      Avaiation Pilot Training                              758.10          
         0878320                    Female                    Avaiation Pilot Training                            2,512.32          
         0595197                    Male                      Avaiation Pilot Training                            8,494.39          
         0386999                    Female                    Avaiation Pilot Training                            5,674.35          
                                                                                                                                    
              Subtotals For: Avaiation Pilot Training                             Count:  10                    $58,015.46          

                                                                                                                                    
              Grand Totals:                                                       Count:  100                  $460,936.52          