Date: 02/07/2019                                    Albia Soccer Club Fundraiser                                            Page:  1
JavaJHC06                                                  Cook Division                                                
                                                            Sales Report                                                            

   Last Name        First Name       City       State   Zip Code    Pop Type             Quantity          Deposit      Total Sales

   Stanley          Jaxson           Denver       IL    2823-9322   Diet Cherry Coke        79             $0.00         $1,478.09

   Mccarthy         Isaiah           Bloomingto   MI    8970-6412   Diet Coke               95           $228.00         $2,005.45

   Bell             Phillip          Yorba Lind   MO    4424-2951   Coke                    41             $0.00           $767.11

   Gibson           Jayson           Morrilton    WI    3996-8349   Cherry Coke             87           $104.40         $1,732.17

   Dennis           Ahmed            Sylacauga    NE    2547-2019   Sprite                  79            $94.80         $1,572.89

   Morton           Issac            Rexburg      NE    1474-4958   Cherry Coke             34            $40.80           $676.94

   Becker           Kai              Springfiel   MI    6117-9782   Cherry Coke             25            $60.00           $527.75

   Ramsey           Matthias         Tuscaloosa   IL    8920-7428   Coke                    89             $0.00         $1,665.19

   Bishop           Korbin           Fort Morga   NE    5241-5106   Cherry Coke             13            $15.60           $258.83

   Miles            Deacon           Lewiston     MO    7635-0254   Mello Yello             78             $0.00         $1,459.38

   Little           Johan            Decatur      MO    2502-2849   Coke                    31             $0.00           $580.01

   King             Kaden            Warner Rob   IL    5890-4494   Diet Cherry Coke        20             $0.00           $374.20

   Cervantes        Preston          Springfiel   NE    3585-1767   Mello Yello             63            $75.60         $1,254.33

   Alexander        Mason            South Holl   WI    1436-2904   Coke                    46            $55.20           $915.86

   Woods            Jeremiah         Albany       MO    2457-9551   Cherry Coke             17             $0.00           $318.07

   Ballard          Walter           Florence     IA    2152-2741   Cherry Coke             54            $64.80         $1,075.14

   Floyd            Jude             Freeport     NE    6578-5042   Mello Yello             72            $86.40         $1,433.52

   Boyd             Quinton          Enterprise   NE    5691-9599   Sprite                  18            $21.60           $358.38

   Malone           Braylon          Clanton      IL    5004-9973   Cherry Coke             98             $0.00         $1,833.58

   Moore            Aarav            Monmouth     IA    4092-3499   Coke                    35            $42.00           $696.85

Date: 02/07/2019                                    Albia Soccer Club Fundraiser                                            Page:  2
JavaJHC06                                                  Cook Division                                                
                                                            Sales Report                                                            

   Last Name        First Name       City       State   Zip Code    Pop Type             Quantity          Deposit      Total Sales

   Farrell          Rhys             Burbank      MO    7601-7080   Sprite                  28             $0.00           $523.88

   Frank            Dexter           Waycross     MI    6552-8340   Cherry Coke              1             $2.40            $21.11

   Hart             Cameron          Evanston     IA    2440-8114   Diet Cherry Coke        88           $105.60         $1,752.08

   Elliott          Leonel           Macon        WI    9727-4749   Sprite                  32            $38.40           $637.12

   Barton           Braylon          Turlock      NE    6607-7260   Sprite                  63            $75.60         $1,254.33

   Johnston         Luke             New Haven    MO    1289-5563   Cherry Coke             90             $0.00         $1,683.90

   Cruz             Julius           New London   NE    5007-7023   Cherry Coke             17            $20.40           $338.47

   Green            Ezequiel         Belvidere    IA    2802-0792   Sprite                   1             $1.20            $19.91

   Garza            Francis          Anchorage    IA    7212-2967   Diet Coke               25            $30.00           $497.75

   Marsh            Eli              Hallandale   IL    5593-2436   Mello Yello             15             $0.00           $280.65

   Hansen           Abel             Deerfield    MO    9916-0051   Diet Coke               10             $0.00           $187.10

   Carter           Trey             Georgetown   MI    5281-2398   Diet Coke               25            $60.00           $527.75

   Walton           Keaton           Scottsboro   WI    2944-1848   Mello Yello             15            $18.00           $298.65

   Hubbard          Ricky            Pueblo       NE    4617-0658   Sprite                  91           $109.20         $1,811.81

   Washington       Rocco            Caldwell     IL    7752-8666   Diet Cherry Coke        46             $0.00           $860.66

   Pope             Cohen            Torrance     MI    8794-6666   Sprite                  70           $168.00         $1,477.70

   Taylor           Brady            Boise        MO    3677-0195   Coke                     9             $0.00           $168.39

                                                                                                                                    
                                                                                                                                    
                                                                                                                                    
                                                                                                                                    
                                                                                                                                    
Date: 02/07/2019                                    Albia Soccer Club Fundraiser                                            Page:  3
JavaJHC06                                                  Cook Division                                                
                                                            Sales Report                                                            

   Last Name        First Name       City       State   Zip Code    Pop Type             Quantity          Deposit      Total Sales

                                                                                                                                    
  Grand Totals:

   Coke             251             Diet Coke        155             Mello Yello      243                                                                                                                                              

   Cherry Coke      436             Diet Cherry Coke 233             Sprite           382                                                                                                                                              

   Team Totals:

   A $5,161.05      

   B $9,694.53      

   C $5,943.12      

   D $4,964.42      

   E $7,561.88      

